2013/09/19 14:14:32 [error] [exception.CHttpException.404] exception 'CHttpException' with message 'The system is unable to find the requested action "index".' in /home/user/webserver/framework/web/CController.php:484
Stack trace:
#0 /home/user/webserver/framework/web/CController.php(271): CController->missingAction('index')
#1 /home/user/webserver/framework/web/CWebApplication.php(283): CController->run('index')
#2 /home/user/webserver/framework/web/CWebApplication.php(142): CWebApplication->runController('rating/index')
#3 /home/user/webserver/framework/base/CApplication.php(162): CWebApplication->processRequest()
#4 /home/user/webserver/test_redis_crud/index.php(13): CApplication->run()
#5 {main}
REQUEST_URI=/rating/index
HTTP_REFERER=http://test_redis_crud.local/index.php
---
2013/09/19 14:23:53 [error] [php] include(/home/user/webserver/test_redis_crud/protected/components/predis/lib/Predis/Client.php): failed to open stream: No such file or directory (/home/user/webserver/framework/YiiBase.php:429)
Stack trace:
#0 /home/user/webserver/test_redis_crud/protected/components/SRedis.php(59): spl_autoload_call()
#1 /home/user/webserver/test_redis_crud/protected/controllers/RatingController.php(41): SRedis->client()
#2 /home/user/webserver/framework/web/actions/CInlineAction.php(50): RatingController->actionIndex()
#3 /home/user/webserver/framework/web/CController.php(309): CInlineAction->runWithParams()
#4 /home/user/webserver/framework/web/filters/CFilterChain.php(134): RatingController->runAction()
#5 /home/user/webserver/framework/web/filters/CFilter.php(41): CFilterChain->run()
#6 /home/user/webserver/framework/web/CController.php(1146): CAccessControlFilter->filter()
#7 /home/user/webserver/framework/web/filters/CInlineFilter.php(59): RatingController->filterAccessControl()
#8 /home/user/webserver/framework/web/filters/CFilterChain.php(131): CInlineFilter->filter()
#9 /home/user/webserver/framework/web/CController.php(292): CFilterChain->run()
#10 /home/user/webserver/framework/web/CController.php(266): RatingController->runActionWithFilters()
#11 /home/user/webserver/framework/web/CWebApplication.php(283): RatingController->run()
#12 /home/user/webserver/framework/web/CWebApplication.php(142): CWebApplication->runController()
#13 /home/user/webserver/framework/base/CApplication.php(162): CWebApplication->processRequest()
#14 /home/user/webserver/test_redis_crud/index.php(13): CWebApplication->run()
REQUEST_URI=/rating/index
in /home/user/webserver/test_redis_crud/protected/components/SRedis.php (59)
in /home/user/webserver/test_redis_crud/protected/controllers/RatingController.php (41)
in /home/user/webserver/test_redis_crud/index.php (13)
2013/09/19 14:37:54 [error] [exception.Predis\ServerException] exception 'Predis\ServerException' with message 'ERR wrong number of arguments for 'keys' command' in /home/user/webserver/test_redis_crud/protected/components/predis/lib/Predis/Client.php:291
Stack trace:
#0 /home/user/webserver/test_redis_crud/protected/components/predis/lib/Predis/Client.php(233): Predis\Client->onResponseError(Object(Predis\Command\KeyKeys), Object(Predis\ResponseError))
#1 /home/user/webserver/test_redis_crud/protected/controllers/RatingController.php(42): Predis\Client->__call('keys', Array)
#2 /home/user/webserver/test_redis_crud/protected/controllers/RatingController.php(42): Predis\Client->keys()
#3 /home/user/webserver/framework/web/actions/CInlineAction.php(50): RatingController->actionIndex()
#4 /home/user/webserver/framework/web/CController.php(309): CInlineAction->runWithParams(Array)
#5 /home/user/webserver/framework/web/filters/CFilterChain.php(134): CController->runAction(Object(CInlineAction))
#6 /home/user/webserver/framework/web/filters/CFilter.php(41): CFilterChain->run()
#7 /home/user/webserver/framework/web/CController.php(1146): CFilter->filter(Object(CFilterChain))
#8 /home/user/webserver/framework/web/filters/CInlineFilter.php(59): CController->filterAccessControl(Object(CFilterChain))
#9 /home/user/webserver/framework/web/filters/CFilterChain.php(131): CInlineFilter->filter(Object(CFilterChain))
#10 /home/user/webserver/framework/web/CController.php(292): CFilterChain->run()
#11 /home/user/webserver/framework/web/CController.php(266): CController->runActionWithFilters(Object(CInlineAction), Array)
#12 /home/user/webserver/framework/web/CWebApplication.php(283): CController->run('index')
#13 /home/user/webserver/framework/web/CWebApplication.php(142): CWebApplication->runController('rating/index')
#14 /home/user/webserver/framework/base/CApplication.php(162): CWebApplication->processRequest()
#15 /home/user/webserver/test_redis_crud/index.php(13): CApplication->run()
#16 {main}
REQUEST_URI=/rating/index
HTTP_REFERER=http://test_redis_crud.local/index.php
---
2013/09/19 16:46:21 [error] [php] Undefined variable: dataProvider (/home/user/webserver/test_redis_crud/protected/views/rating/index.php:17)
Stack trace:
#0 /home/user/webserver/framework/web/CController.php(870): RatingController->renderFile()
#1 /home/user/webserver/framework/web/CController.php(783): RatingController->renderPartial()
#2 /home/user/webserver/test_redis_crud/protected/controllers/RatingController.php(59): RatingController->render()
#3 /home/user/webserver/framework/web/actions/CInlineAction.php(50): RatingController->actionIndex()
#4 /home/user/webserver/framework/web/CController.php(309): CInlineAction->runWithParams()
#5 /home/user/webserver/framework/web/filters/CFilterChain.php(134): RatingController->runAction()
#6 /home/user/webserver/framework/web/filters/CFilter.php(41): CFilterChain->run()
#7 /home/user/webserver/framework/web/CController.php(1146): CAccessControlFilter->filter()
#8 /home/user/webserver/framework/web/filters/CInlineFilter.php(59): RatingController->filterAccessControl()
#9 /home/user/webserver/framework/web/filters/CFilterChain.php(131): CInlineFilter->filter()
#10 /home/user/webserver/framework/web/CController.php(292): CFilterChain->run()
#11 /home/user/webserver/framework/web/CController.php(266): RatingController->runActionWithFilters()
#12 /home/user/webserver/framework/web/CWebApplication.php(283): RatingController->run()
#13 /home/user/webserver/framework/web/CWebApplication.php(142): CWebApplication->runController()
#14 /home/user/webserver/framework/base/CApplication.php(162): CWebApplication->processRequest()
#15 /home/user/webserver/test_redis_crud/index.php(13): CWebApplication->run()
REQUEST_URI=/rating/index
in /home/user/webserver/test_redis_crud/protected/views/rating/index.php (17)
in /home/user/webserver/test_redis_crud/protected/controllers/RatingController.php (59)
in /home/user/webserver/test_redis_crud/index.php (13)
2013/09/19 16:56:22 [error] [php] Undefined index: id (/home/user/webserver/framework/web/CArrayDataProvider.php:102)
Stack trace:
#0 /home/user/webserver/framework/zii/widgets/CBaseListView.php(130): CListView->renderKeys()
#1 /home/user/webserver/framework/web/CBaseController.php(174): CListView->run()
#2 /home/user/webserver/test_redis_crud/protected/views/rating/index.php(19): RatingController->widget()
#3 /home/user/webserver/framework/web/CBaseController.php(127): require()
#4 /home/user/webserver/framework/web/CBaseController.php(96): RatingController->renderInternal()
#5 /home/user/webserver/framework/web/CController.php(870): RatingController->renderFile()
#6 /home/user/webserver/framework/web/CController.php(783): RatingController->renderPartial()
#7 /home/user/webserver/test_redis_crud/protected/controllers/RatingController.php(61): RatingController->render()
#8 /home/user/webserver/framework/web/actions/CInlineAction.php(50): RatingController->actionIndex()
#9 /home/user/webserver/framework/web/CController.php(309): CInlineAction->runWithParams()
#10 /home/user/webserver/framework/web/filters/CFilterChain.php(134): RatingController->runAction()
#11 /home/user/webserver/framework/web/filters/CFilter.php(41): CFilterChain->run()
#12 /home/user/webserver/framework/web/CController.php(1146): CAccessControlFilter->filter()
#13 /home/user/webserver/framework/web/filters/CInlineFilter.php(59): RatingController->filterAccessControl()
#14 /home/user/webserver/framework/web/filters/CFilterChain.php(131): CInlineFilter->filter()
#15 /home/user/webserver/framework/web/CController.php(292): CFilterChain->run()
#16 /home/user/webserver/framework/web/CController.php(266): RatingController->runActionWithFilters()
#17 /home/user/webserver/framework/web/CWebApplication.php(283): RatingController->run()
#18 /home/user/webserver/framework/web/CWebApplication.php(142): CWebApplication->runController()
#19 /home/user/webserver/framework/base/CApplication.php(162): CWebApplication->processRequest()
#20 /home/user/webserver/test_redis_crud/index.php(13): CWebApplication->run()
REQUEST_URI=/rating/index
in /home/user/webserver/test_redis_crud/protected/views/rating/index.php (19)
in /home/user/webserver/test_redis_crud/protected/controllers/RatingController.php (61)
in /home/user/webserver/test_redis_crud/index.php (13)
2013/09/19 16:57:00 [error] [php] Undefined index: id (/home/user/webserver/framework/web/CArrayDataProvider.php:102)
Stack trace:
#0 /home/user/webserver/framework/zii/widgets/CBaseListView.php(130): CListView->renderKeys()
#1 /home/user/webserver/framework/web/CBaseController.php(174): CListView->run()
#2 /home/user/webserver/test_redis_crud/protected/views/rating/index.php(19): RatingController->widget()
#3 /home/user/webserver/framework/web/CBaseController.php(127): require()
#4 /home/user/webserver/framework/web/CBaseController.php(96): RatingController->renderInternal()
#5 /home/user/webserver/framework/web/CController.php(870): RatingController->renderFile()
#6 /home/user/webserver/framework/web/CController.php(783): RatingController->renderPartial()
#7 /home/user/webserver/test_redis_crud/protected/controllers/RatingController.php(60): RatingController->render()
#8 /home/user/webserver/framework/web/actions/CInlineAction.php(50): RatingController->actionIndex()
#9 /home/user/webserver/framework/web/CController.php(309): CInlineAction->runWithParams()
#10 /home/user/webserver/framework/web/filters/CFilterChain.php(134): RatingController->runAction()
#11 /home/user/webserver/framework/web/filters/CFilter.php(41): CFilterChain->run()
#12 /home/user/webserver/framework/web/CController.php(1146): CAccessControlFilter->filter()
#13 /home/user/webserver/framework/web/filters/CInlineFilter.php(59): RatingController->filterAccessControl()
#14 /home/user/webserver/framework/web/filters/CFilterChain.php(131): CInlineFilter->filter()
#15 /home/user/webserver/framework/web/CController.php(292): CFilterChain->run()
#16 /home/user/webserver/framework/web/CController.php(266): RatingController->runActionWithFilters()
#17 /home/user/webserver/framework/web/CWebApplication.php(283): RatingController->run()
#18 /home/user/webserver/framework/web/CWebApplication.php(142): CWebApplication->runController()
#19 /home/user/webserver/framework/base/CApplication.php(162): CWebApplication->processRequest()
#20 /home/user/webserver/test_redis_crud/index.php(13): CWebApplication->run()
REQUEST_URI=/rating/index
in /home/user/webserver/test_redis_crud/protected/views/rating/index.php (19)
in /home/user/webserver/test_redis_crud/protected/controllers/RatingController.php (60)
in /home/user/webserver/test_redis_crud/index.php (13)
2013/09/19 16:57:01 [error] [php] Undefined index: id (/home/user/webserver/framework/web/CArrayDataProvider.php:102)
Stack trace:
#0 /home/user/webserver/framework/zii/widgets/CBaseListView.php(130): CListView->renderKeys()
#1 /home/user/webserver/framework/web/CBaseController.php(174): CListView->run()
#2 /home/user/webserver/test_redis_crud/protected/views/rating/index.php(19): RatingController->widget()
#3 /home/user/webserver/framework/web/CBaseController.php(127): require()
#4 /home/user/webserver/framework/web/CBaseController.php(96): RatingController->renderInternal()
#5 /home/user/webserver/framework/web/CController.php(870): RatingController->renderFile()
#6 /home/user/webserver/framework/web/CController.php(783): RatingController->renderPartial()
#7 /home/user/webserver/test_redis_crud/protected/controllers/RatingController.php(60): RatingController->render()
#8 /home/user/webserver/framework/web/actions/CInlineAction.php(50): RatingController->actionIndex()
#9 /home/user/webserver/framework/web/CController.php(309): CInlineAction->runWithParams()
#10 /home/user/webserver/framework/web/filters/CFilterChain.php(134): RatingController->runAction()
#11 /home/user/webserver/framework/web/filters/CFilter.php(41): CFilterChain->run()
#12 /home/user/webserver/framework/web/CController.php(1146): CAccessControlFilter->filter()
#13 /home/user/webserver/framework/web/filters/CInlineFilter.php(59): RatingController->filterAccessControl()
#14 /home/user/webserver/framework/web/filters/CFilterChain.php(131): CInlineFilter->filter()
#15 /home/user/webserver/framework/web/CController.php(292): CFilterChain->run()
#16 /home/user/webserver/framework/web/CController.php(266): RatingController->runActionWithFilters()
#17 /home/user/webserver/framework/web/CWebApplication.php(283): RatingController->run()
#18 /home/user/webserver/framework/web/CWebApplication.php(142): CWebApplication->runController()
#19 /home/user/webserver/framework/base/CApplication.php(162): CWebApplication->processRequest()
#20 /home/user/webserver/test_redis_crud/index.php(13): CWebApplication->run()
REQUEST_URI=/rating/index
in /home/user/webserver/test_redis_crud/protected/views/rating/index.php (19)
in /home/user/webserver/test_redis_crud/protected/controllers/RatingController.php (60)
in /home/user/webserver/test_redis_crud/index.php (13)
2013/09/19 16:57:07 [error] [php] Undefined index: id (/home/user/webserver/framework/web/CArrayDataProvider.php:102)
Stack trace:
#0 /home/user/webserver/framework/zii/widgets/CBaseListView.php(130): CListView->renderKeys()
#1 /home/user/webserver/framework/web/CBaseController.php(174): CListView->run()
#2 /home/user/webserver/test_redis_crud/protected/views/rating/index.php(19): RatingController->widget()
#3 /home/user/webserver/framework/web/CBaseController.php(127): require()
#4 /home/user/webserver/framework/web/CBaseController.php(96): RatingController->renderInternal()
#5 /home/user/webserver/framework/web/CController.php(870): RatingController->renderFile()
#6 /home/user/webserver/framework/web/CController.php(783): RatingController->renderPartial()
#7 /home/user/webserver/test_redis_crud/protected/controllers/RatingController.php(61): RatingController->render()
#8 /home/user/webserver/framework/web/actions/CInlineAction.php(50): RatingController->actionIndex()
#9 /home/user/webserver/framework/web/CController.php(309): CInlineAction->runWithParams()
#10 /home/user/webserver/framework/web/filters/CFilterChain.php(134): RatingController->runAction()
#11 /home/user/webserver/framework/web/filters/CFilter.php(41): CFilterChain->run()
#12 /home/user/webserver/framework/web/CController.php(1146): CAccessControlFilter->filter()
#13 /home/user/webserver/framework/web/filters/CInlineFilter.php(59): RatingController->filterAccessControl()
#14 /home/user/webserver/framework/web/filters/CFilterChain.php(131): CInlineFilter->filter()
#15 /home/user/webserver/framework/web/CController.php(292): CFilterChain->run()
#16 /home/user/webserver/framework/web/CController.php(266): RatingController->runActionWithFilters()
#17 /home/user/webserver/framework/web/CWebApplication.php(283): RatingController->run()
#18 /home/user/webserver/framework/web/CWebApplication.php(142): CWebApplication->runController()
#19 /home/user/webserver/framework/base/CApplication.php(162): CWebApplication->processRequest()
#20 /home/user/webserver/test_redis_crud/index.php(13): CWebApplication->run()
REQUEST_URI=/rating/index
in /home/user/webserver/test_redis_crud/protected/views/rating/index.php (19)
in /home/user/webserver/test_redis_crud/protected/controllers/RatingController.php (61)
in /home/user/webserver/test_redis_crud/index.php (13)
2013/09/19 17:52:11 [error] [exception.CHttpException.400] exception 'CHttpException' with message 'Your request is invalid.' in /home/user/webserver/framework/web/CController.php:337
Stack trace:
#0 /home/user/webserver/framework/web/CController.php(310): CController->invalidActionParams(Object(CInlineAction))
#1 /home/user/webserver/framework/web/filters/CFilterChain.php(134): CController->runAction(Object(CInlineAction))
#2 /home/user/webserver/framework/web/filters/CFilter.php(41): CFilterChain->run()
#3 /home/user/webserver/framework/web/CController.php(1146): CFilter->filter(Object(CFilterChain))
#4 /home/user/webserver/framework/web/filters/CInlineFilter.php(59): CController->filterAccessControl(Object(CFilterChain))
#5 /home/user/webserver/framework/web/filters/CFilterChain.php(131): CInlineFilter->filter(Object(CFilterChain))
#6 /home/user/webserver/framework/web/CController.php(292): CFilterChain->run()
#7 /home/user/webserver/framework/web/CController.php(266): CController->runActionWithFilters(Object(CInlineAction), Array)
#8 /home/user/webserver/framework/web/CWebApplication.php(283): CController->run('view')
#9 /home/user/webserver/framework/web/CWebApplication.php(142): CWebApplication->runController('rating/view')
#10 /home/user/webserver/framework/base/CApplication.php(162): CWebApplication->processRequest()
#11 /home/user/webserver/test_redis_crud/index.php(13): CApplication->run()
#12 {main}
REQUEST_URI=/rating/view?key=today&score=10000&username=bender
HTTP_REFERER=http://test_redis_crud.local/rating/index?key=today&size=5
---
2013/09/19 18:13:42 [error] [exception.CException] exception 'CException' with message 'Property "RatingForm.isNewRecord" is not defined.' in /home/user/webserver/framework/base/CComponent.php:131
Stack trace:
#0 /home/user/webserver/test_redis_crud/protected/views/rating/_form.php(31): CComponent->__get('isNewRecord')
#1 /home/user/webserver/framework/web/CBaseController.php(127): require('/home/user/webs...')
#2 /home/user/webserver/framework/web/CBaseController.php(96): CBaseController->renderInternal('/home/user/webs...', Array, true)
#3 /home/user/webserver/framework/web/CController.php(870): CBaseController->renderFile('/home/user/webs...', Array, true)
#4 /home/user/webserver/test_redis_crud/protected/views/rating/create.php(17): CController->renderPartial('_form', Array)
#5 /home/user/webserver/framework/web/CBaseController.php(127): require('/home/user/webs...')
#6 /home/user/webserver/framework/web/CBaseController.php(96): CBaseController->renderInternal('/home/user/webs...', Array, true)
#7 /home/user/webserver/framework/web/CController.php(870): CBaseController->renderFile('/home/user/webs...', Array, true)
#8 /home/user/webserver/framework/web/CController.php(783): CController->renderPartial('create', Array, true)
#9 /home/user/webserver/test_redis_crud/protected/controllers/RatingController.php(93): CController->render('create', Array)
#10 /home/user/webserver/framework/web/actions/CInlineAction.php(50): RatingController->actionCreate()
#11 /home/user/webserver/framework/web/CController.php(309): CInlineAction->runWithParams(Array)
#12 /home/user/webserver/framework/web/filters/CFilterChain.php(134): CController->runAction(Object(CInlineAction))
#13 /home/user/webserver/framework/web/filters/CFilter.php(41): CFilterChain->run()
#14 /home/user/webserver/framework/web/CController.php(1146): CFilter->filter(Object(CFilterChain))
#15 /home/user/webserver/framework/web/filters/CInlineFilter.php(59): CController->filterAccessControl(Object(CFilterChain))
#16 /home/user/webserver/framework/web/filters/CFilterChain.php(131): CInlineFilter->filter(Object(CFilterChain))
#17 /home/user/webserver/framework/web/CController.php(292): CFilterChain->run()
#18 /home/user/webserver/framework/web/CController.php(266): CController->runActionWithFilters(Object(CInlineAction), Array)
#19 /home/user/webserver/framework/web/CWebApplication.php(283): CController->run('create')
#20 /home/user/webserver/framework/web/CWebApplication.php(142): CWebApplication->runController('rating/create')
#21 /home/user/webserver/framework/base/CApplication.php(162): CWebApplication->processRequest()
#22 /home/user/webserver/test_redis_crud/index.php(13): CApplication->run()
#23 {main}
REQUEST_URI=/rating/create
HTTP_REFERER=http://test_redis_crud.local/rating/view?key=today&score=10000&username=bender
---
2013/09/19 18:14:37 [error] [php] Undefined index: Users (/home/user/webserver/test_redis_crud/protected/controllers/RatingController.php:86)
Stack trace:
#0 /home/user/webserver/framework/web/filters/CFilterChain.php(134): RatingController->runAction()
#1 /home/user/webserver/framework/web/filters/CFilter.php(41): CFilterChain->run()
#2 /home/user/webserver/framework/web/CController.php(1146): CAccessControlFilter->filter()
#3 /home/user/webserver/framework/web/filters/CInlineFilter.php(59): RatingController->filterAccessControl()
#4 /home/user/webserver/framework/web/filters/CFilterChain.php(131): CInlineFilter->filter()
#5 /home/user/webserver/framework/web/CController.php(292): CFilterChain->run()
#6 /home/user/webserver/framework/web/CController.php(266): RatingController->runActionWithFilters()
#7 /home/user/webserver/framework/web/CWebApplication.php(283): RatingController->run()
#8 /home/user/webserver/framework/web/CWebApplication.php(142): CWebApplication->runController()
#9 /home/user/webserver/framework/base/CApplication.php(162): CWebApplication->processRequest()
#10 /home/user/webserver/test_redis_crud/index.php(13): CWebApplication->run()
REQUEST_URI=/rating/create
in /home/user/webserver/test_redis_crud/protected/controllers/RatingController.php (86)
in /home/user/webserver/test_redis_crud/index.php (13)
2013/09/19 18:26:15 [error] [exception.CHttpException.400] exception 'CHttpException' with message 'Your request is invalid.' in /home/user/webserver/framework/web/CController.php:337
Stack trace:
#0 /home/user/webserver/framework/web/CController.php(310): CController->invalidActionParams(Object(CInlineAction))
#1 /home/user/webserver/framework/web/filters/CFilterChain.php(134): CController->runAction(Object(CInlineAction))
#2 /home/user/webserver/framework/web/filters/CFilter.php(41): CFilterChain->run()
#3 /home/user/webserver/framework/web/CController.php(1146): CFilter->filter(Object(CFilterChain))
#4 /home/user/webserver/framework/web/filters/CInlineFilter.php(59): CController->filterAccessControl(Object(CFilterChain))
#5 /home/user/webserver/framework/web/filters/CFilterChain.php(131): CInlineFilter->filter(Object(CFilterChain))
#6 /home/user/webserver/framework/web/CController.php(292): CFilterChain->run()
#7 /home/user/webserver/framework/web/CController.php(266): CController->runActionWithFilters(Object(CInlineAction), Array)
#8 /home/user/webserver/framework/web/CWebApplication.php(283): CController->run('update')
#9 /home/user/webserver/framework/web/CWebApplication.php(142): CWebApplication->runController('rating/update')
#10 /home/user/webserver/framework/base/CApplication.php(162): CWebApplication->processRequest()
#11 /home/user/webserver/test_redis_crud/index.php(13): CApplication->run()
#12 {main}
REQUEST_URI=/rating/update?key=today&username=bender
HTTP_REFERER=http://test_redis_crud.local/rating/view?key=today&score=10000&username=bender
---
